
<!DOCTYPE html>
<html>


<head>
	<meta charset='UTF-8' /> 
	<meta name='description' content='' />
	<meta name='robots' content='noodp, noydir' />
	<meta name='viewport' content='width=device-width, initial-scale=1' />
	<meta id="timeStampFormat" name="timeStampFormat" content='MMM d, yyyy hh:mm:ss a'/>
	
	<link href='https://fonts.googleapis.com/css?family=Source+Sans+Pro:400,600' rel='stylesheet' type='text/css'>
	<link href="https://fonts.googleapis.com/icon?family=Material+Icons" rel="stylesheet">

		<link href='https://cdn.rawgit.com/anshooarora/extentreports-java/b4a58fcfd1e137bd9287244035a7c80d3d73b3af/dist/css/extent.css' type='text/css' rel='stylesheet' />
	
	<title>Car guide - Cucumber Framework</title>

	<style type='text/css'>
			
            

      
        
	</style>
</head>

	<body class='extent dark default hide-overflow bdd-report'>
		<div id='theme-selector' alt='Click to toggle theme. To enable by default, use theme configuration.' title='Click to toggle theme. To enable by default, use theme configuration.'>
			<span><i class='material-icons'>desktop_windows</i></span>
		</div>

<nav>
	<div class="nav-wrapper">
		<a href="#!" class="brand-logo blue darken-3">Extent</a>

		<!-- slideout menu -->
		<ul id='slide-out' class='side-nav fixed hide-on-med-and-down'>
			<li class='waves-effect active'><a href='#!' view='test-view' onclick="configureView(0);chartsView('test');"><i class='material-icons'>dashboard</i></a></li>
						<li class='waves-effect'><a href='#!' view='category-view' onclick="configureView(1)"><i class='material-icons'>label_outline</i></a></li>
			<li class='waves-effect'><a href='#!' view='exception-view' onclick="configureView(2)"><i class='material-icons'>bug_report</i></a></li>
			<li class='waves-effect'><a href='#!' onclick="configureView(-1);chartsView('dashboard');" view='dashboard-view'><i class='material-icons'>track_changes</i></i></a></li>
		</ul>

		<!-- report name -->
		<span class='report-name'>Cucumber Report</span>
		
		<!-- report headline -->
		<span class='report-headline'></span>

		<!-- nav-right -->
		<ul id='nav-mobile' class='right hide-on-med-and-down nav-right'>
			<li>
                <a href='#!'>
                    <span class='label suite-start-time blue darken-3'>May 18, 2023 09:29:06 AM</span>
				</a>
			</li>
			<li>
                <a href='#!'>
                    <span class='label blue darken-3'>3.1.2</span>
				</a>
			</li>
		</ul>
	</div>
</nav>

		<!-- container -->
		<div class='container'>

<div id='test-view' class='view'>
				
	<section id='controls'>
		<div class='controls grey lighten-4'>
			<!-- test toggle -->
			<div class='chip transparent'>
				<a class='dropdown-button tests-toggle' data-activates='tests-toggle' data-constrainwidth='true' data-beloworigin='true' data-hover='true' href='#'>
					<i class='material-icons'>warning</i> Status
				</a>
				<ul id='tests-toggle' class='dropdown-content'>
											<li status='pass'><a href='#!'>Pass <i class='material-icons green-text'>check_circle</i></a></li>
						<li status='fail'><a href='#!'>Fail <i class='material-icons red-text'>cancel</i></a></li>
					<li class='divider'></li>
					<li status='clear' clear='true'><a href='#!'>Clear Filters <i class='material-icons'>clear</i></a></li>
				</ul>
			</div>
			<!-- test toggle -->

			<!-- category toggle -->
			<div class='chip transparent'>
				<a class='dropdown-button category-toggle' data-activates='category-toggle' data-constrainwidth='false' data-beloworigin='true' data-hover='true' href='#'>
					<i class='material-icons'>local_offer</i> Category
				</a>
				<ul id='category-toggle' class='dropdown-content'>
					<li><a href='#'>@sanity</a></li>
					<li class='divider'></li>
					<li class='clear'><a href='#!' clear='true'>Clear Filters</a></li>
				</ul>
			</div>
			<!-- category toggle -->

			<!-- clear filters -->
			<div class='chip transparent hide'>
				<a class='' id='clear-filters' alt='Clear Filters' title='Clear Filters'>
					<i class='material-icons'>close</i> Clear
				</a>
			</div>
			<!-- clear filters -->

			<!-- enable dashboard -->
			<div id='toggle-test-view-charts' class='chip transparent'>
				<a class='pink-text' id='enable-dashboard' alt='Enable Dashboard' title='Enable Dashboard'>
					<i class='material-icons'>track_changes</i> Dashboard
				</a>
			</div>
			<!-- enable dashboard -->

			<!-- search -->
			<div class='chip transparent' alt='Search Tests' title='Search Tests'>
				<a href="#" class='search-div'>
					<i class='material-icons'>search</i> Search
				</a>

				<div class='input-field left hide'>
					<input id='search-tests' type='text' class='validate browser-default' placeholder='Search Tests...'>
				</div>
				
			</div>
			<!-- search -->
		</div>
	</section>


<div id='test-view-charts' class='subview-full'>
	<div id='charts-row' class='row nm-v nm-h'>
		<div class='col s12 m4 l4 np-h'>
			<div class='card-panel nm-v'>
				<div class='left panel-name'>Features</div>
				<div class='chart-box'>
					<canvas id='parent-analysis' width='100' height='80'></canvas>
				</div>
				<div class='block text-small'>
					<span class='tooltipped' data-position='top' data-tooltip='0%'><span class='strong'>0</span> feature(s) passed</span>
				</div>
				<div class='block text-small'>
					<span class='strong tooltipped' data-position='top' data-tooltip='100%'>1</span> feature(s) failed, <span class='strong tooltipped' data-position='top' data-tooltip='0%'>0</span> others
				</div>
			</div>
		</div>
		
		<div class='col s12 m4 l4 np-h'>
			<div class='card-panel nm-v'>
				<div class='left panel-name'>Scenarios</div>
				<div class='chart-box'>
					<canvas id='child-analysis' width='100' height='80'></canvas>
				</div>
				<div class='block text-small'>
					<span class='tooltipped' data-position='top' data-tooltip='14.286%'><span class='strong'>1</span> scenario(s) passed</span>
				</div>
				<div class='block text-small'>
					<span class='strong tooltipped' data-position='top' data-tooltip='85.714%'>6</span> scenario(s) failed, <span class='strong tooltipped' data-position='top' data-tooltip='0%'>0</span> others
				</div>
			</div>
		</div>
		
		<div class='col s12 m4 l4 np-h'>
			<div class='card-panel nm-v'>
				<div class='left panel-name'>Steps</div>
				<div class='chart-box'>
					<canvas id='grandchild-analysis' width='100' height='80'></canvas>
				</div>
				<div class='block text-small'>
					<span class='tooltipped' data-position='top' data-tooltip='82.857%'><span class='strong'>29</span> step(s) passed</span>
				</div>
				<div class='block text-small'>
					<span class='strong tooltipped' data-position='top' data-tooltip='17.143%'>6</span> step(s) failed, <span class='strong tooltipped' data-position='top' data-tooltip='0%'>0</span> others
				</div>
			</div>
		</div>
	</div>
</div>

	<div class='subview-left left'>
		
		<div class='view-summary'>
			<h5>Features</h5>
			<ul id='test-collection' class='test-collection'>
				
				
				<li class='test displayed active has-leaf fail' status='fail' bdd='true' test-id='1'>
					<div class='test-heading'>
						<span class='test-name'>Find the dealers and verify</span>
						<span class='test-time'>May 18, 2023 09:29:06 AM</span>
						<span class='test-status right fail'>fail</span>
					</div>
					<div class='test-content hide'>
<div class='scenariooutline node' test-id='2' status='fail'>
	<span class='duration right label'>0h 4m 33s+537ms</span>
	<div class='desc'>
		<b>ScenarioOutline</b>
		<span class="desc-text">Find the dealers and verify the dealers are in list</span>
	</div>
	<ul class='steps'>
		<li test-id='3' class='node scenario pass' status='pass'>
			<div class='category-list'>
				<span class='category label white-text'>@sanity</span>
			</div>
			
			<b>Scenario</b>
			
			<span class="bdd-step-name">Find the dealers and verify the dealers are in list</span>
			
				<ul class='steps'>
					<li test-id='4' class='node given pass' status='pass'><b>Given</b>
						<span class="bdd-step-name">Given I am on homepage</span>
							<div class='pre'>passed</div>
					</li>
					<li test-id='5' class='node when pass' status='pass'><b>When</b>
						<span class="bdd-step-name">When I mouse hover on “buy+sell” tab</span>
							<div class='pre'>passed</div>
					</li>
					<li test-id='6' class='node and pass' status='pass'><b>And</b>
						<span class="bdd-step-name">And I click ‘Find a Dealer’</span>
							<div class='pre'>passed</div>
					</li>
					<li test-id='7' class='node then pass' status='pass'><b>Then</b>
						<span class="bdd-step-name">Then I navigate to 'car-dealers' page</span>
							<div class='pre'>passed</div>
					</li>
					<li test-id='8' class='node and pass' status='pass'><b>And</b>
						<span class="bdd-step-name">And I should see the dealer names "3 Point Motors Epping" are display on page</span>
							<div class='pre'>passed</div>
					</li>
				</ul>
		</li>
		<li test-id='9' class='node scenario fail' status='fail'>
			<div class='category-list'>
				<span class='category label white-text'>@sanity</span>
			</div>
			
			<b>Scenario</b>
			
			<span class="bdd-step-name">Find the dealers and verify the dealers are in list</span>
			
				<ul class='steps'>
					<li test-id='10' class='node given pass' status='pass'><b>Given</b>
						<span class="bdd-step-name">Given I am on homepage</span>
							<div class='pre'>passed</div>
					</li>
					<li test-id='11' class='node when pass' status='pass'><b>When</b>
						<span class="bdd-step-name">When I mouse hover on “buy+sell” tab</span>
							<div class='pre'>passed</div>
					</li>
					<li test-id='12' class='node and pass' status='pass'><b>And</b>
						<span class="bdd-step-name">And I click ‘Find a Dealer’</span>
							<div class='pre'>passed</div>
					</li>
					<li test-id='13' class='node then pass' status='pass'><b>Then</b>
						<span class="bdd-step-name">Then I navigate to 'car-dealers' page</span>
							<div class='pre'>passed</div>
					</li>
					<li test-id='14' class='node and fail' status='fail'><b>And</b>
						<span class="bdd-step-name">And I should see the dealer names "4WD Specialist Group" are display on page</span>
						<ul class='screenshots right'>
							<li><a data-featherlight="image" href="C:\Users\milan\IdeaProjects\cargurus-cucumber/src/main/java/au/com/carguide/screenshots/Find_the_dealers_and_verify_the_dealers_are_in_list20230518093110.png"><i class='material-icons'>panorama</i></a></li>
						</ul>
							<div class='pre'><textarea>org.openqa.selenium.StaleElementReferenceException: stale element reference: stale element not found
  (Session info: chrome=113.0.5672.126)
For documentation on this error, please visit: https://selenium.dev/exceptions/#stale_element_reference
Build info: version: '4.9.0', revision: 'd7057100a6'
System info: os.name: 'Windows 10', os.arch: 'amd64', os.version: '10.0', java.version: '1.8.0_121'
Driver info: org.openqa.selenium.chrome.ChromeDriver
Command: [c0d53ba93e7d807bdaf2f7e25ea41b33, getElementText {id=2816847DE0CC31F38AA8BF2438E7ABCC_element_87}]
Capabilities {acceptInsecureCerts: false, browserName: chrome, browserVersion: 113.0.5672.126, chrome: {chromedriverVersion: 113.0.5672.63 (0e1a4471d5ae..., userDataDir: C:\Users\milan\AppData\Loca...}, goog:chromeOptions: {debuggerAddress: localhost:61744}, networkConnectionEnabled: false, pageLoadStrategy: normal, platformName: WINDOWS, proxy: Proxy(), se:cdp: ws://localhost:61744/devtoo..., se:cdpVersion: 113.0.5672.126, setWindowRect: true, strictFileInteractability: false, timeouts: {implicit: 0, pageLoad: 300000, script: 30000}, unhandledPromptBehavior: dismiss and notify, webauthn:extension:credBlob: true, webauthn:extension:largeBlob: true, webauthn:extension:minPinLength: true, webauthn:extension:prf: true, webauthn:virtualAuthenticators: true}
Element: [[ChromeDriver: chrome on WINDOWS (c0d53ba93e7d807bdaf2f7e25ea41b33)] -> xpath: //div[@class='dealerListing--name']]
Session ID: c0d53ba93e7d807bdaf2f7e25ea41b33
	at sun.reflect.NativeConstructorAccessorImpl.newInstance0(Native Method)
	at sun.reflect.NativeConstructorAccessorImpl.newInstance(NativeConstructorAccessorImpl.java:62)
	at sun.reflect.DelegatingConstructorAccessorImpl.newInstance(DelegatingConstructorAccessorImpl.java:45)
	at java.lang.reflect.Constructor.newInstance(Constructor.java:423)
	at org.openqa.selenium.remote.codec.w3c.W3CHttpResponseCodec.createException(W3CHttpResponseCodec.java:200)
	at org.openqa.selenium.remote.codec.w3c.W3CHttpResponseCodec.decode(W3CHttpResponseCodec.java:133)
	at org.openqa.selenium.remote.codec.w3c.W3CHttpResponseCodec.decode(W3CHttpResponseCodec.java:53)
	at org.openqa.selenium.remote.HttpCommandExecutor.execute(HttpCommandExecutor.java:193)
	at org.openqa.selenium.remote.service.DriverCommandExecutor.invokeExecute(DriverCommandExecutor.java:183)
	at org.openqa.selenium.remote.service.DriverCommandExecutor.execute(DriverCommandExecutor.java:158)
	at org.openqa.selenium.remote.RemoteWebDriver.execute(RemoteWebDriver.java:543)
	at org.openqa.selenium.remote.RemoteWebElement.execute(RemoteWebElement.java:257)
	at org.openqa.selenium.remote.RemoteWebElement.getText(RemoteWebElement.java:207)
	at au.com.carguide.pages.DealerPage.findDealer(DealerPage.java:33)
	at au.com.carguide.steps.FindDealerSteps.iShouldSeeTheDealerNamesAreDisplayOnPage(FindDealerSteps.java:21)
	at ✽.And I should see the dealer names "4WD Specialist Group" are display on page(findDealers.feature:10)
</textarea></div>
					</li>
				</ul>
		</li>
		<li test-id='15' class='node scenario fail' status='fail'>
			<div class='category-list'>
				<span class='category label white-text'>@sanity</span>
			</div>
			
			<b>Scenario</b>
			
			<span class="bdd-step-name">Find the dealers and verify the dealers are in list</span>
			
				<ul class='steps'>
					<li test-id='16' class='node given pass' status='pass'><b>Given</b>
						<span class="bdd-step-name">Given I am on homepage</span>
							<div class='pre'>passed</div>
					</li>
					<li test-id='17' class='node when pass' status='pass'><b>When</b>
						<span class="bdd-step-name">When I mouse hover on “buy+sell” tab</span>
							<div class='pre'>passed</div>
					</li>
					<li test-id='18' class='node and pass' status='pass'><b>And</b>
						<span class="bdd-step-name">And I click ‘Find a Dealer’</span>
							<div class='pre'>passed</div>
					</li>
					<li test-id='19' class='node then pass' status='pass'><b>Then</b>
						<span class="bdd-step-name">Then I navigate to 'car-dealers' page</span>
							<div class='pre'>passed</div>
					</li>
					<li test-id='20' class='node and fail' status='fail'><b>And</b>
						<span class="bdd-step-name">And I should see the dealer names "5 Star Auto" are display on page</span>
						<ul class='screenshots right'>
							<li><a data-featherlight="image" href="C:\Users\milan\IdeaProjects\cargurus-cucumber/src/main/java/au/com/carguide/screenshots/Find_the_dealers_and_verify_the_dealers_are_in_list20230518093143.png"><i class='material-icons'>panorama</i></a></li>
						</ul>
							<div class='pre'><textarea>org.openqa.selenium.StaleElementReferenceException: stale element reference: stale element not found
  (Session info: chrome=113.0.5672.126)
For documentation on this error, please visit: https://selenium.dev/exceptions/#stale_element_reference
Build info: version: '4.9.0', revision: 'd7057100a6'
System info: os.name: 'Windows 10', os.arch: 'amd64', os.version: '10.0', java.version: '1.8.0_121'
Driver info: org.openqa.selenium.chrome.ChromeDriver
Command: [c94d04be286bedd386b37254659e7ff4, getElementText {id=59B214E89CBE5A6121D19A33514B7D1D_element_82}]
Capabilities {acceptInsecureCerts: false, browserName: chrome, browserVersion: 113.0.5672.126, chrome: {chromedriverVersion: 113.0.5672.63 (0e1a4471d5ae..., userDataDir: C:\Users\milan\AppData\Loca...}, goog:chromeOptions: {debuggerAddress: localhost:61975}, networkConnectionEnabled: false, pageLoadStrategy: normal, platformName: WINDOWS, proxy: Proxy(), se:cdp: ws://localhost:61975/devtoo..., se:cdpVersion: 113.0.5672.126, setWindowRect: true, strictFileInteractability: false, timeouts: {implicit: 0, pageLoad: 300000, script: 30000}, unhandledPromptBehavior: dismiss and notify, webauthn:extension:credBlob: true, webauthn:extension:largeBlob: true, webauthn:extension:minPinLength: true, webauthn:extension:prf: true, webauthn:virtualAuthenticators: true}
Element: [[ChromeDriver: chrome on WINDOWS (c94d04be286bedd386b37254659e7ff4)] -> xpath: //div[@class='dealerListing--name']]
Session ID: c94d04be286bedd386b37254659e7ff4
	at sun.reflect.NativeConstructorAccessorImpl.newInstance0(Native Method)
	at sun.reflect.NativeConstructorAccessorImpl.newInstance(NativeConstructorAccessorImpl.java:62)
	at sun.reflect.DelegatingConstructorAccessorImpl.newInstance(DelegatingConstructorAccessorImpl.java:45)
	at java.lang.reflect.Constructor.newInstance(Constructor.java:423)
	at org.openqa.selenium.remote.codec.w3c.W3CHttpResponseCodec.createException(W3CHttpResponseCodec.java:200)
	at org.openqa.selenium.remote.codec.w3c.W3CHttpResponseCodec.decode(W3CHttpResponseCodec.java:133)
	at org.openqa.selenium.remote.codec.w3c.W3CHttpResponseCodec.decode(W3CHttpResponseCodec.java:53)
	at org.openqa.selenium.remote.HttpCommandExecutor.execute(HttpCommandExecutor.java:193)
	at org.openqa.selenium.remote.service.DriverCommandExecutor.invokeExecute(DriverCommandExecutor.java:183)
	at org.openqa.selenium.remote.service.DriverCommandExecutor.execute(DriverCommandExecutor.java:158)
	at org.openqa.selenium.remote.RemoteWebDriver.execute(RemoteWebDriver.java:543)
	at org.openqa.selenium.remote.RemoteWebElement.execute(RemoteWebElement.java:257)
	at org.openqa.selenium.remote.RemoteWebElement.getText(RemoteWebElement.java:207)
	at au.com.carguide.pages.DealerPage.findDealer(DealerPage.java:33)
	at au.com.carguide.steps.FindDealerSteps.iShouldSeeTheDealerNamesAreDisplayOnPage(FindDealerSteps.java:21)
	at ✽.And I should see the dealer names "5 Star Auto" are display on page(findDealers.feature:10)
</textarea></div>
					</li>
				</ul>
		</li>
		<li test-id='21' class='node scenario fail' status='fail'>
			<div class='category-list'>
				<span class='category label white-text'>@sanity</span>
			</div>
			
			<b>Scenario</b>
			
			<span class="bdd-step-name">Find the dealers and verify the dealers are in list</span>
			
				<ul class='steps'>
					<li test-id='22' class='node given pass' status='pass'><b>Given</b>
						<span class="bdd-step-name">Given I am on homepage</span>
							<div class='pre'>passed</div>
					</li>
					<li test-id='23' class='node when pass' status='pass'><b>When</b>
						<span class="bdd-step-name">When I mouse hover on “buy+sell” tab</span>
							<div class='pre'>passed</div>
					</li>
					<li test-id='24' class='node and pass' status='pass'><b>And</b>
						<span class="bdd-step-name">And I click ‘Find a Dealer’</span>
							<div class='pre'>passed</div>
					</li>
					<li test-id='25' class='node then pass' status='pass'><b>Then</b>
						<span class="bdd-step-name">Then I navigate to 'car-dealers' page</span>
							<div class='pre'>passed</div>
					</li>
					<li test-id='26' class='node and fail' status='fail'><b>And</b>
						<span class="bdd-step-name">And I should see the dealer names "A & M Car Sales Pty Ltd" are display on page</span>
						<ul class='screenshots right'>
							<li><a data-featherlight="image" href="C:\Users\milan\IdeaProjects\cargurus-cucumber/src/main/java/au/com/carguide/screenshots/Find_the_dealers_and_verify_the_dealers_are_in_list20230518093215.png"><i class='material-icons'>panorama</i></a></li>
						</ul>
							<div class='pre'><textarea>org.openqa.selenium.StaleElementReferenceException: stale element reference: stale element not found
  (Session info: chrome=113.0.5672.126)
For documentation on this error, please visit: https://selenium.dev/exceptions/#stale_element_reference
Build info: version: '4.9.0', revision: 'd7057100a6'
System info: os.name: 'Windows 10', os.arch: 'amd64', os.version: '10.0', java.version: '1.8.0_121'
Driver info: org.openqa.selenium.chrome.ChromeDriver
Command: [0bab77845156aeb84315400abaa9e6a8, getElementText {id=294FECDFF2A5DA33600D2BF11BD9F093_element_86}]
Capabilities {acceptInsecureCerts: false, browserName: chrome, browserVersion: 113.0.5672.126, chrome: {chromedriverVersion: 113.0.5672.63 (0e1a4471d5ae..., userDataDir: C:\Users\milan\AppData\Loca...}, goog:chromeOptions: {debuggerAddress: localhost:62159}, networkConnectionEnabled: false, pageLoadStrategy: normal, platformName: WINDOWS, proxy: Proxy(), se:cdp: ws://localhost:62159/devtoo..., se:cdpVersion: 113.0.5672.126, setWindowRect: true, strictFileInteractability: false, timeouts: {implicit: 0, pageLoad: 300000, script: 30000}, unhandledPromptBehavior: dismiss and notify, webauthn:extension:credBlob: true, webauthn:extension:largeBlob: true, webauthn:extension:minPinLength: true, webauthn:extension:prf: true, webauthn:virtualAuthenticators: true}
Element: [[ChromeDriver: chrome on WINDOWS (0bab77845156aeb84315400abaa9e6a8)] -> xpath: //div[@class='dealerListing--name']]
Session ID: 0bab77845156aeb84315400abaa9e6a8
	at sun.reflect.NativeConstructorAccessorImpl.newInstance0(Native Method)
	at sun.reflect.NativeConstructorAccessorImpl.newInstance(NativeConstructorAccessorImpl.java:62)
	at sun.reflect.DelegatingConstructorAccessorImpl.newInstance(DelegatingConstructorAccessorImpl.java:45)
	at java.lang.reflect.Constructor.newInstance(Constructor.java:423)
	at org.openqa.selenium.remote.codec.w3c.W3CHttpResponseCodec.createException(W3CHttpResponseCodec.java:200)
	at org.openqa.selenium.remote.codec.w3c.W3CHttpResponseCodec.decode(W3CHttpResponseCodec.java:133)
	at org.openqa.selenium.remote.codec.w3c.W3CHttpResponseCodec.decode(W3CHttpResponseCodec.java:53)
	at org.openqa.selenium.remote.HttpCommandExecutor.execute(HttpCommandExecutor.java:193)
	at org.openqa.selenium.remote.service.DriverCommandExecutor.invokeExecute(DriverCommandExecutor.java:183)
	at org.openqa.selenium.remote.service.DriverCommandExecutor.execute(DriverCommandExecutor.java:158)
	at org.openqa.selenium.remote.RemoteWebDriver.execute(RemoteWebDriver.java:543)
	at org.openqa.selenium.remote.RemoteWebElement.execute(RemoteWebElement.java:257)
	at org.openqa.selenium.remote.RemoteWebElement.getText(RemoteWebElement.java:207)
	at au.com.carguide.pages.DealerPage.findDealer(DealerPage.java:33)
	at au.com.carguide.steps.FindDealerSteps.iShouldSeeTheDealerNamesAreDisplayOnPage(FindDealerSteps.java:21)
	at ✽.And I should see the dealer names "A & M Car Sales Pty Ltd" are display on page(findDealers.feature:10)
</textarea></div>
					</li>
				</ul>
		</li>
		<li test-id='27' class='node scenario fail' status='fail'>
			<div class='category-list'>
				<span class='category label white-text'>@sanity</span>
			</div>
			
			<b>Scenario</b>
			
			<span class="bdd-step-name">Find the dealers and verify the dealers are in list</span>
			
				<ul class='steps'>
					<li test-id='28' class='node given pass' status='pass'><b>Given</b>
						<span class="bdd-step-name">Given I am on homepage</span>
							<div class='pre'>passed</div>
					</li>
					<li test-id='29' class='node when pass' status='pass'><b>When</b>
						<span class="bdd-step-name">When I mouse hover on “buy+sell” tab</span>
							<div class='pre'>passed</div>
					</li>
					<li test-id='30' class='node and pass' status='pass'><b>And</b>
						<span class="bdd-step-name">And I click ‘Find a Dealer’</span>
							<div class='pre'>passed</div>
					</li>
					<li test-id='31' class='node then pass' status='pass'><b>Then</b>
						<span class="bdd-step-name">Then I navigate to 'car-dealers' page</span>
							<div class='pre'>passed</div>
					</li>
					<li test-id='32' class='node and fail' status='fail'><b>And</b>
						<span class="bdd-step-name">And I should see the dealer names "A1 MOTORS COMPANY" are display on page</span>
						<ul class='screenshots right'>
							<li><a data-featherlight="image" href="C:\Users\milan\IdeaProjects\cargurus-cucumber/src/main/java/au/com/carguide/screenshots/Find_the_dealers_and_verify_the_dealers_are_in_list20230518093240.png"><i class='material-icons'>panorama</i></a></li>
						</ul>
							<div class='pre'><textarea>org.openqa.selenium.StaleElementReferenceException: stale element reference: stale element not found
  (Session info: chrome=113.0.5672.126)
For documentation on this error, please visit: https://selenium.dev/exceptions/#stale_element_reference
Build info: version: '4.9.0', revision: 'd7057100a6'
System info: os.name: 'Windows 10', os.arch: 'amd64', os.version: '10.0', java.version: '1.8.0_121'
Driver info: org.openqa.selenium.chrome.ChromeDriver
Command: [a190b58c4f4b6cef50fe37b16244536c, getElementText {id=9061A8393965B4F0CFF0F5AE13B05B8B_element_82}]
Capabilities {acceptInsecureCerts: false, browserName: chrome, browserVersion: 113.0.5672.126, chrome: {chromedriverVersion: 113.0.5672.63 (0e1a4471d5ae..., userDataDir: C:\Users\milan\AppData\Loca...}, goog:chromeOptions: {debuggerAddress: localhost:62367}, networkConnectionEnabled: false, pageLoadStrategy: normal, platformName: WINDOWS, proxy: Proxy(), se:cdp: ws://localhost:62367/devtoo..., se:cdpVersion: 113.0.5672.126, setWindowRect: true, strictFileInteractability: false, timeouts: {implicit: 0, pageLoad: 300000, script: 30000}, unhandledPromptBehavior: dismiss and notify, webauthn:extension:credBlob: true, webauthn:extension:largeBlob: true, webauthn:extension:minPinLength: true, webauthn:extension:prf: true, webauthn:virtualAuthenticators: true}
Element: [[ChromeDriver: chrome on WINDOWS (a190b58c4f4b6cef50fe37b16244536c)] -> xpath: //div[@class='dealerListing--name']]
Session ID: a190b58c4f4b6cef50fe37b16244536c
	at sun.reflect.NativeConstructorAccessorImpl.newInstance0(Native Method)
	at sun.reflect.NativeConstructorAccessorImpl.newInstance(NativeConstructorAccessorImpl.java:62)
	at sun.reflect.DelegatingConstructorAccessorImpl.newInstance(DelegatingConstructorAccessorImpl.java:45)
	at java.lang.reflect.Constructor.newInstance(Constructor.java:423)
	at org.openqa.selenium.remote.codec.w3c.W3CHttpResponseCodec.createException(W3CHttpResponseCodec.java:200)
	at org.openqa.selenium.remote.codec.w3c.W3CHttpResponseCodec.decode(W3CHttpResponseCodec.java:133)
	at org.openqa.selenium.remote.codec.w3c.W3CHttpResponseCodec.decode(W3CHttpResponseCodec.java:53)
	at org.openqa.selenium.remote.HttpCommandExecutor.execute(HttpCommandExecutor.java:193)
	at org.openqa.selenium.remote.service.DriverCommandExecutor.invokeExecute(DriverCommandExecutor.java:183)
	at org.openqa.selenium.remote.service.DriverCommandExecutor.execute(DriverCommandExecutor.java:158)
	at org.openqa.selenium.remote.RemoteWebDriver.execute(RemoteWebDriver.java:543)
	at org.openqa.selenium.remote.RemoteWebElement.execute(RemoteWebElement.java:257)
	at org.openqa.selenium.remote.RemoteWebElement.getText(RemoteWebElement.java:207)
	at au.com.carguide.pages.DealerPage.findDealer(DealerPage.java:33)
	at au.com.carguide.steps.FindDealerSteps.iShouldSeeTheDealerNamesAreDisplayOnPage(FindDealerSteps.java:21)
	at ✽.And I should see the dealer names "A1 MOTORS COMPANY" are display on page(findDealers.feature:10)
</textarea></div>
					</li>
				</ul>
		</li>
		<li test-id='33' class='node scenario fail' status='fail'>
			<div class='category-list'>
				<span class='category label white-text'>@sanity</span>
			</div>
			
			<b>Scenario</b>
			
			<span class="bdd-step-name">Find the dealers and verify the dealers are in list</span>
			
				<ul class='steps'>
					<li test-id='34' class='node given pass' status='pass'><b>Given</b>
						<span class="bdd-step-name">Given I am on homepage</span>
							<div class='pre'>passed</div>
					</li>
					<li test-id='35' class='node when pass' status='pass'><b>When</b>
						<span class="bdd-step-name">When I mouse hover on “buy+sell” tab</span>
							<div class='pre'>passed</div>
					</li>
					<li test-id='36' class='node and pass' status='pass'><b>And</b>
						<span class="bdd-step-name">And I click ‘Find a Dealer’</span>
							<div class='pre'>passed</div>
					</li>
					<li test-id='37' class='node then pass' status='pass'><b>Then</b>
						<span class="bdd-step-name">Then I navigate to 'car-dealers' page</span>
							<div class='pre'>passed</div>
					</li>
					<li test-id='38' class='node and fail' status='fail'><b>And</b>
						<span class="bdd-step-name">And I should see the dealer names "ANDREA MOTORI SERVICE" are display on page</span>
						<ul class='screenshots right'>
							<li><a data-featherlight="image" href="C:\Users\milan\IdeaProjects\cargurus-cucumber/src/main/java/au/com/carguide/screenshots/Find_the_dealers_and_verify_the_dealers_are_in_list20230518093312.png"><i class='material-icons'>panorama</i></a></li>
						</ul>
							<div class='pre'><textarea>org.openqa.selenium.StaleElementReferenceException: stale element reference: stale element not found
  (Session info: chrome=113.0.5672.126)
For documentation on this error, please visit: https://selenium.dev/exceptions/#stale_element_reference
Build info: version: '4.9.0', revision: 'd7057100a6'
System info: os.name: 'Windows 10', os.arch: 'amd64', os.version: '10.0', java.version: '1.8.0_121'
Driver info: org.openqa.selenium.chrome.ChromeDriver
Command: [b0447ddcba19a4dfa45ecae9c938cc84, getElementText {id=CEB80BBC5133CD12EE5B986BB575C11C_element_82}]
Capabilities {acceptInsecureCerts: false, browserName: chrome, browserVersion: 113.0.5672.126, chrome: {chromedriverVersion: 113.0.5672.63 (0e1a4471d5ae..., userDataDir: C:\Users\milan\AppData\Loca...}, goog:chromeOptions: {debuggerAddress: localhost:62542}, networkConnectionEnabled: false, pageLoadStrategy: normal, platformName: WINDOWS, proxy: Proxy(), se:cdp: ws://localhost:62542/devtoo..., se:cdpVersion: 113.0.5672.126, setWindowRect: true, strictFileInteractability: false, timeouts: {implicit: 0, pageLoad: 300000, script: 30000}, unhandledPromptBehavior: dismiss and notify, webauthn:extension:credBlob: true, webauthn:extension:largeBlob: true, webauthn:extension:minPinLength: true, webauthn:extension:prf: true, webauthn:virtualAuthenticators: true}
Element: [[ChromeDriver: chrome on WINDOWS (b0447ddcba19a4dfa45ecae9c938cc84)] -> xpath: //div[@class='dealerListing--name']]
Session ID: b0447ddcba19a4dfa45ecae9c938cc84
	at sun.reflect.NativeConstructorAccessorImpl.newInstance0(Native Method)
	at sun.reflect.NativeConstructorAccessorImpl.newInstance(NativeConstructorAccessorImpl.java:62)
	at sun.reflect.DelegatingConstructorAccessorImpl.newInstance(DelegatingConstructorAccessorImpl.java:45)
	at java.lang.reflect.Constructor.newInstance(Constructor.java:423)
	at org.openqa.selenium.remote.codec.w3c.W3CHttpResponseCodec.createException(W3CHttpResponseCodec.java:200)
	at org.openqa.selenium.remote.codec.w3c.W3CHttpResponseCodec.decode(W3CHttpResponseCodec.java:133)
	at org.openqa.selenium.remote.codec.w3c.W3CHttpResponseCodec.decode(W3CHttpResponseCodec.java:53)
	at org.openqa.selenium.remote.HttpCommandExecutor.execute(HttpCommandExecutor.java:193)
	at org.openqa.selenium.remote.service.DriverCommandExecutor.invokeExecute(DriverCommandExecutor.java:183)
	at org.openqa.selenium.remote.service.DriverCommandExecutor.execute(DriverCommandExecutor.java:158)
	at org.openqa.selenium.remote.RemoteWebDriver.execute(RemoteWebDriver.java:543)
	at org.openqa.selenium.remote.RemoteWebElement.execute(RemoteWebElement.java:257)
	at org.openqa.selenium.remote.RemoteWebElement.getText(RemoteWebElement.java:207)
	at au.com.carguide.pages.DealerPage.findDealer(DealerPage.java:33)
	at au.com.carguide.steps.FindDealerSteps.iShouldSeeTheDealerNamesAreDisplayOnPage(FindDealerSteps.java:21)
	at ✽.And I should see the dealer names "ANDREA MOTORI SERVICE" are display on page(findDealers.feature:10)
</textarea></div>
					</li>
				</ul>
		</li>
		<li test-id='39' class='node scenario fail' status='fail'>
			<div class='category-list'>
				<span class='category label white-text'>@sanity</span>
			</div>
			
			<b>Scenario</b>
			
			<span class="bdd-step-name">Find the dealers and verify the dealers are in list</span>
			
				<ul class='steps'>
					<li test-id='40' class='node given pass' status='pass'><b>Given</b>
						<span class="bdd-step-name">Given I am on homepage</span>
							<div class='pre'>passed</div>
					</li>
					<li test-id='41' class='node when pass' status='pass'><b>When</b>
						<span class="bdd-step-name">When I mouse hover on “buy+sell” tab</span>
							<div class='pre'>passed</div>
					</li>
					<li test-id='42' class='node and pass' status='pass'><b>And</b>
						<span class="bdd-step-name">And I click ‘Find a Dealer’</span>
							<div class='pre'>passed</div>
					</li>
					<li test-id='43' class='node then pass' status='pass'><b>Then</b>
						<span class="bdd-step-name">Then I navigate to 'car-dealers' page</span>
							<div class='pre'>passed</div>
					</li>
					<li test-id='44' class='node and fail' status='fail'><b>And</b>
						<span class="bdd-step-name">And I should see the dealer names "Oxford Motors" are display on page</span>
						<ul class='screenshots right'>
							<li><a data-featherlight="image" href="C:\Users\milan\IdeaProjects\cargurus-cucumber/src/main/java/au/com/carguide/screenshots/Find_the_dealers_and_verify_the_dealers_are_in_list20230518093340.png"><i class='material-icons'>panorama</i></a></li>
						</ul>
							<div class='pre'><textarea>org.openqa.selenium.StaleElementReferenceException: stale element reference: stale element not found
  (Session info: chrome=113.0.5672.126)
For documentation on this error, please visit: https://selenium.dev/exceptions/#stale_element_reference
Build info: version: '4.9.0', revision: 'd7057100a6'
System info: os.name: 'Windows 10', os.arch: 'amd64', os.version: '10.0', java.version: '1.8.0_121'
Driver info: org.openqa.selenium.chrome.ChromeDriver
Command: [71c0cd82b37ca975074f1b0b98d6b62c, getElementText {id=C40BF8DF604DBAD57C6FD7F19F0081FB_element_91}]
Capabilities {acceptInsecureCerts: false, browserName: chrome, browserVersion: 113.0.5672.126, chrome: {chromedriverVersion: 113.0.5672.63 (0e1a4471d5ae..., userDataDir: C:\Users\milan\AppData\Loca...}, goog:chromeOptions: {debuggerAddress: localhost:62776}, networkConnectionEnabled: false, pageLoadStrategy: normal, platformName: WINDOWS, proxy: Proxy(), se:cdp: ws://localhost:62776/devtoo..., se:cdpVersion: 113.0.5672.126, setWindowRect: true, strictFileInteractability: false, timeouts: {implicit: 0, pageLoad: 300000, script: 30000}, unhandledPromptBehavior: dismiss and notify, webauthn:extension:credBlob: true, webauthn:extension:largeBlob: true, webauthn:extension:minPinLength: true, webauthn:extension:prf: true, webauthn:virtualAuthenticators: true}
Element: [[ChromeDriver: chrome on WINDOWS (71c0cd82b37ca975074f1b0b98d6b62c)] -> xpath: //div[@class='dealerListing--name']]
Session ID: 71c0cd82b37ca975074f1b0b98d6b62c
	at sun.reflect.NativeConstructorAccessorImpl.newInstance0(Native Method)
	at sun.reflect.NativeConstructorAccessorImpl.newInstance(NativeConstructorAccessorImpl.java:62)
	at sun.reflect.DelegatingConstructorAccessorImpl.newInstance(DelegatingConstructorAccessorImpl.java:45)
	at java.lang.reflect.Constructor.newInstance(Constructor.java:423)
	at org.openqa.selenium.remote.codec.w3c.W3CHttpResponseCodec.createException(W3CHttpResponseCodec.java:200)
	at org.openqa.selenium.remote.codec.w3c.W3CHttpResponseCodec.decode(W3CHttpResponseCodec.java:133)
	at org.openqa.selenium.remote.codec.w3c.W3CHttpResponseCodec.decode(W3CHttpResponseCodec.java:53)
	at org.openqa.selenium.remote.HttpCommandExecutor.execute(HttpCommandExecutor.java:193)
	at org.openqa.selenium.remote.service.DriverCommandExecutor.invokeExecute(DriverCommandExecutor.java:183)
	at org.openqa.selenium.remote.service.DriverCommandExecutor.execute(DriverCommandExecutor.java:158)
	at org.openqa.selenium.remote.RemoteWebDriver.execute(RemoteWebDriver.java:543)
	at org.openqa.selenium.remote.RemoteWebElement.execute(RemoteWebElement.java:257)
	at org.openqa.selenium.remote.RemoteWebElement.getText(RemoteWebElement.java:207)
	at au.com.carguide.pages.DealerPage.findDealer(DealerPage.java:33)
	at au.com.carguide.steps.FindDealerSteps.iShouldSeeTheDealerNamesAreDisplayOnPage(FindDealerSteps.java:21)
	at ✽.And I should see the dealer names "Oxford Motors" are display on page(findDealers.feature:10)
</textarea></div>
					</li>
				</ul>
		</li>
	</ul>
</div>
					</div>
				</li>
			</ul>
		</div>
	</div>
	<!-- subview left -->

	<div class='subview-right left'>
		<div class='view-summary'>
			<h5 class='test-name'></h5>

			<div id='step-filters' class="right">
				<span class="blue-text" status="info" alt="info" title="info"><i class="material-icons">info_outline</i></span>
				<span class="green-text" status="pass" alt="pass" title="pass"><i class="material-icons">check_circle</i></span>
				<span class="red-text" status="fail" alt="fail" title="fail"><i class="material-icons">cancel</i></span>
				<span class="red-text text-darken-4" status="fatal" alt="fatal" title="fatal"><i class="material-icons">cancel</i></span>
				<span class="pink-text text-lighten-1" status="error" alt="error" title="error"><i class="material-icons">error</i></span>
				<span class="orange-text" alt="warning" status="warning" title="warning"><i class="material-icons">warning</i></span>
				<span class="teal-text" status="skip" alt="skip" title="skip"><i class="material-icons">redo</i></span>
				<span status="clear" alt="Clear filters" title="Clear filters"><i class="material-icons">clear</i></span>
			</div>
		</div>
	</div>
	<!-- subview right -->

</div>
<!-- test view -->
<div id='category-view' class='view hide'>

	<section id='controls'>
		<div class='controls grey lighten-4'>
			<!-- search -->
			<div class='chip transparent' alt='Search Tests' title='Search Tests'>
				<a href="#" class='search-div'>
					<i class='material-icons'>search</i> Search
				</a>
				
				<div class='input-field left hide'>
					<input id='search-tests' type='text' class='validate browser-default' placeholder='Search Tests...'>
				</div>
				
			</div>
			<!-- search -->
		</div>
	</section>

	<div class='subview-left left'>
		
		<div class='view-summary'>
			<h5>Categories</h3>
			<ul id='category-collection' class='category-collection'>
				
				<li class='category displayed active'>
					<div class='category-heading'>
						<span class='category-name'>@sanity</span>
						<span class='category-status right'>
							<span class='label pass'>1</span>
							<span class='label fail'>6</span>
						</span>
					</div>
					<div class='category-content hide'>
						<div class='category-status-counts'>
							<span class='label green accent-4 white-text'>Passed: 1</span>
							<span class='label red lighten-1 white-text'>Failed: 6</span>
							
						</div>
					
						<div class='category-tests'>
							<table class='bordered table-results'>
								<thead>
									<tr>
										<th>Timestamp</th>
										<th>TestName</th>
										<th>Status</th>
									</tr>
								</thead>
								<tbody>
									<tr>
										<td>May 18, 2023 09:29:06 AM</td>
										<td class='linked' test-id='3'>Find the dealers and verify.Find the dealers and verify the dealers are in list.Find the dealers and verify the dealers are in list</td>
										<td><span class='test-status pass'>pass</span></td>
									</tr>
									<tr>
										<td>May 18, 2023 09:29:58 AM</td>
										<td class='linked' test-id='9'>Find the dealers and verify.Find the dealers and verify the dealers are in list.Find the dealers and verify the dealers are in list</td>
										<td><span class='test-status fail'>fail</span></td>
									</tr>
									<tr>
										<td>May 18, 2023 09:31:12 AM</td>
										<td class='linked' test-id='15'>Find the dealers and verify.Find the dealers and verify the dealers are in list.Find the dealers and verify the dealers are in list</td>
										<td><span class='test-status fail'>fail</span></td>
									</tr>
									<tr>
										<td>May 18, 2023 09:31:44 AM</td>
										<td class='linked' test-id='21'>Find the dealers and verify.Find the dealers and verify the dealers are in list.Find the dealers and verify the dealers are in list</td>
										<td><span class='test-status fail'>fail</span></td>
									</tr>
									<tr>
										<td>May 18, 2023 09:32:16 AM</td>
										<td class='linked' test-id='27'>Find the dealers and verify.Find the dealers and verify the dealers are in list.Find the dealers and verify the dealers are in list</td>
										<td><span class='test-status fail'>fail</span></td>
									</tr>
									<tr>
										<td>May 18, 2023 09:32:42 AM</td>
										<td class='linked' test-id='33'>Find the dealers and verify.Find the dealers and verify the dealers are in list.Find the dealers and verify the dealers are in list</td>
										<td><span class='test-status fail'>fail</span></td>
									</tr>
									<tr>
										<td>May 18, 2023 09:33:13 AM</td>
										<td class='linked' test-id='39'>Find the dealers and verify.Find the dealers and verify the dealers are in list.Find the dealers and verify the dealers are in list</td>
										<td><span class='test-status fail'>fail</span></td>
									</tr>
								</tbody>
							</table>
						</div>
					</div>
				</li>

			</ul>
		</div>
	</div>

	<div class='subview-right left'>
		<div class='view-summary'>
			<h5 class='category-name'></h5>
		</div>
	</div>
</div>
<!-- category view -->
<div id='exception-view' class='view hide'>

    <section id='controls'>
        <div class='controls grey lighten-4'>
            <!-- search -->
            <div class='chip transparent' alt='Search Tests' title='Search Tests'>
                <a href="#" class='search-div'>
                    <i class='material-icons'>search</i> Search
                </a>

                <div class='input-field left hide'>
                    <input id='search-tests' type='text' class='validate browser-default' placeholder='Search Tests...'>
                </div>

            </div>
            <!-- search -->
        </div>
    </section>

    <div class='subview-left left'>

        <div class='view-summary'>
            <h5>Exceptions</h3>
                <ul id='exception-collection' class='exception-collection'>

                        <li class='exception displayed active'>
                            <div class='exception-heading'>
                                <span class='exception-name'>org.openqa.selenium.StaleElementReferenceException</span>
                                <span class='exception-count right'><span class='label red lighten-1 white-text'>6</span></span>
                            </div>
                            <div class='exception-content hide'>
                                <div class='exception-tests'>
                                    <table class='bordered table-results'>
                                        <thead>
                                        <tr>
                                            <th>Timestamp</th>
                                            <th>TestName</th>
                                            <th>Status</th>
                                        </tr>
                                        </thead>
                                        <tbody>
                                                    <tr>
                                                        <td>May 18, 2023 09:31:07 AM</td>
                                                        <td class='linked' test-id='14'>Find the dealers and verify.Find the dealers and verify the dealers are in list.Find the dealers and verify the dealers are in list.And I should see the dealer names "4WD Specialist Group" are display on page</td>
                                                        <td><pre><textarea>org.openqa.selenium.StaleElementReferenceException: stale element reference: stale element not found
  (Session info: chrome=113.0.5672.126)
For documentation on this error, please visit: https://selenium.dev/exceptions/#stale_element_reference
Build info: version: '4.9.0', revision: 'd7057100a6'
System info: os.name: 'Windows 10', os.arch: 'amd64', os.version: '10.0', java.version: '1.8.0_121'
Driver info: org.openqa.selenium.chrome.ChromeDriver
Command: [c0d53ba93e7d807bdaf2f7e25ea41b33, getElementText {id=2816847DE0CC31F38AA8BF2438E7ABCC_element_87}]
Capabilities {acceptInsecureCerts: false, browserName: chrome, browserVersion: 113.0.5672.126, chrome: {chromedriverVersion: 113.0.5672.63 (0e1a4471d5ae..., userDataDir: C:\Users\milan\AppData\Loca...}, goog:chromeOptions: {debuggerAddress: localhost:61744}, networkConnectionEnabled: false, pageLoadStrategy: normal, platformName: WINDOWS, proxy: Proxy(), se:cdp: ws://localhost:61744/devtoo..., se:cdpVersion: 113.0.5672.126, setWindowRect: true, strictFileInteractability: false, timeouts: {implicit: 0, pageLoad: 300000, script: 30000}, unhandledPromptBehavior: dismiss and notify, webauthn:extension:credBlob: true, webauthn:extension:largeBlob: true, webauthn:extension:minPinLength: true, webauthn:extension:prf: true, webauthn:virtualAuthenticators: true}
Element: [[ChromeDriver: chrome on WINDOWS (c0d53ba93e7d807bdaf2f7e25ea41b33)] -> xpath: //div[@class='dealerListing--name']]
Session ID: c0d53ba93e7d807bdaf2f7e25ea41b33
	at sun.reflect.NativeConstructorAccessorImpl.newInstance0(Native Method)
	at sun.reflect.NativeConstructorAccessorImpl.newInstance(NativeConstructorAccessorImpl.java:62)
	at sun.reflect.DelegatingConstructorAccessorImpl.newInstance(DelegatingConstructorAccessorImpl.java:45)
	at java.lang.reflect.Constructor.newInstance(Constructor.java:423)
	at org.openqa.selenium.remote.codec.w3c.W3CHttpResponseCodec.createException(W3CHttpResponseCodec.java:200)
	at org.openqa.selenium.remote.codec.w3c.W3CHttpResponseCodec.decode(W3CHttpResponseCodec.java:133)
	at org.openqa.selenium.remote.codec.w3c.W3CHttpResponseCodec.decode(W3CHttpResponseCodec.java:53)
	at org.openqa.selenium.remote.HttpCommandExecutor.execute(HttpCommandExecutor.java:193)
	at org.openqa.selenium.remote.service.DriverCommandExecutor.invokeExecute(DriverCommandExecutor.java:183)
	at org.openqa.selenium.remote.service.DriverCommandExecutor.execute(DriverCommandExecutor.java:158)
	at org.openqa.selenium.remote.RemoteWebDriver.execute(RemoteWebDriver.java:543)
	at org.openqa.selenium.remote.RemoteWebElement.execute(RemoteWebElement.java:257)
	at org.openqa.selenium.remote.RemoteWebElement.getText(RemoteWebElement.java:207)
	at au.com.carguide.pages.DealerPage.findDealer(DealerPage.java:33)
	at au.com.carguide.steps.FindDealerSteps.iShouldSeeTheDealerNamesAreDisplayOnPage(FindDealerSteps.java:21)
	at ✽.And I should see the dealer names "4WD Specialist Group" are display on page(findDealers.feature:10)
</textarea></pre></td>
                                                    </tr>
                                                    <tr>
                                                        <td>May 18, 2023 09:31:40 AM</td>
                                                        <td class='linked' test-id='20'>Find the dealers and verify.Find the dealers and verify the dealers are in list.Find the dealers and verify the dealers are in list.And I should see the dealer names "5 Star Auto" are display on page</td>
                                                        <td><pre><textarea>org.openqa.selenium.StaleElementReferenceException: stale element reference: stale element not found
  (Session info: chrome=113.0.5672.126)
For documentation on this error, please visit: https://selenium.dev/exceptions/#stale_element_reference
Build info: version: '4.9.0', revision: 'd7057100a6'
System info: os.name: 'Windows 10', os.arch: 'amd64', os.version: '10.0', java.version: '1.8.0_121'
Driver info: org.openqa.selenium.chrome.ChromeDriver
Command: [c94d04be286bedd386b37254659e7ff4, getElementText {id=59B214E89CBE5A6121D19A33514B7D1D_element_82}]
Capabilities {acceptInsecureCerts: false, browserName: chrome, browserVersion: 113.0.5672.126, chrome: {chromedriverVersion: 113.0.5672.63 (0e1a4471d5ae..., userDataDir: C:\Users\milan\AppData\Loca...}, goog:chromeOptions: {debuggerAddress: localhost:61975}, networkConnectionEnabled: false, pageLoadStrategy: normal, platformName: WINDOWS, proxy: Proxy(), se:cdp: ws://localhost:61975/devtoo..., se:cdpVersion: 113.0.5672.126, setWindowRect: true, strictFileInteractability: false, timeouts: {implicit: 0, pageLoad: 300000, script: 30000}, unhandledPromptBehavior: dismiss and notify, webauthn:extension:credBlob: true, webauthn:extension:largeBlob: true, webauthn:extension:minPinLength: true, webauthn:extension:prf: true, webauthn:virtualAuthenticators: true}
Element: [[ChromeDriver: chrome on WINDOWS (c94d04be286bedd386b37254659e7ff4)] -> xpath: //div[@class='dealerListing--name']]
Session ID: c94d04be286bedd386b37254659e7ff4
	at sun.reflect.NativeConstructorAccessorImpl.newInstance0(Native Method)
	at sun.reflect.NativeConstructorAccessorImpl.newInstance(NativeConstructorAccessorImpl.java:62)
	at sun.reflect.DelegatingConstructorAccessorImpl.newInstance(DelegatingConstructorAccessorImpl.java:45)
	at java.lang.reflect.Constructor.newInstance(Constructor.java:423)
	at org.openqa.selenium.remote.codec.w3c.W3CHttpResponseCodec.createException(W3CHttpResponseCodec.java:200)
	at org.openqa.selenium.remote.codec.w3c.W3CHttpResponseCodec.decode(W3CHttpResponseCodec.java:133)
	at org.openqa.selenium.remote.codec.w3c.W3CHttpResponseCodec.decode(W3CHttpResponseCodec.java:53)
	at org.openqa.selenium.remote.HttpCommandExecutor.execute(HttpCommandExecutor.java:193)
	at org.openqa.selenium.remote.service.DriverCommandExecutor.invokeExecute(DriverCommandExecutor.java:183)
	at org.openqa.selenium.remote.service.DriverCommandExecutor.execute(DriverCommandExecutor.java:158)
	at org.openqa.selenium.remote.RemoteWebDriver.execute(RemoteWebDriver.java:543)
	at org.openqa.selenium.remote.RemoteWebElement.execute(RemoteWebElement.java:257)
	at org.openqa.selenium.remote.RemoteWebElement.getText(RemoteWebElement.java:207)
	at au.com.carguide.pages.DealerPage.findDealer(DealerPage.java:33)
	at au.com.carguide.steps.FindDealerSteps.iShouldSeeTheDealerNamesAreDisplayOnPage(FindDealerSteps.java:21)
	at ✽.And I should see the dealer names "5 Star Auto" are display on page(findDealers.feature:10)
</textarea></pre></td>
                                                    </tr>
                                                    <tr>
                                                        <td>May 18, 2023 09:32:11 AM</td>
                                                        <td class='linked' test-id='26'>Find the dealers and verify.Find the dealers and verify the dealers are in list.Find the dealers and verify the dealers are in list.And I should see the dealer names "A & M Car Sales Pty Ltd" are display on page</td>
                                                        <td><pre><textarea>org.openqa.selenium.StaleElementReferenceException: stale element reference: stale element not found
  (Session info: chrome=113.0.5672.126)
For documentation on this error, please visit: https://selenium.dev/exceptions/#stale_element_reference
Build info: version: '4.9.0', revision: 'd7057100a6'
System info: os.name: 'Windows 10', os.arch: 'amd64', os.version: '10.0', java.version: '1.8.0_121'
Driver info: org.openqa.selenium.chrome.ChromeDriver
Command: [0bab77845156aeb84315400abaa9e6a8, getElementText {id=294FECDFF2A5DA33600D2BF11BD9F093_element_86}]
Capabilities {acceptInsecureCerts: false, browserName: chrome, browserVersion: 113.0.5672.126, chrome: {chromedriverVersion: 113.0.5672.63 (0e1a4471d5ae..., userDataDir: C:\Users\milan\AppData\Loca...}, goog:chromeOptions: {debuggerAddress: localhost:62159}, networkConnectionEnabled: false, pageLoadStrategy: normal, platformName: WINDOWS, proxy: Proxy(), se:cdp: ws://localhost:62159/devtoo..., se:cdpVersion: 113.0.5672.126, setWindowRect: true, strictFileInteractability: false, timeouts: {implicit: 0, pageLoad: 300000, script: 30000}, unhandledPromptBehavior: dismiss and notify, webauthn:extension:credBlob: true, webauthn:extension:largeBlob: true, webauthn:extension:minPinLength: true, webauthn:extension:prf: true, webauthn:virtualAuthenticators: true}
Element: [[ChromeDriver: chrome on WINDOWS (0bab77845156aeb84315400abaa9e6a8)] -> xpath: //div[@class='dealerListing--name']]
Session ID: 0bab77845156aeb84315400abaa9e6a8
	at sun.reflect.NativeConstructorAccessorImpl.newInstance0(Native Method)
	at sun.reflect.NativeConstructorAccessorImpl.newInstance(NativeConstructorAccessorImpl.java:62)
	at sun.reflect.DelegatingConstructorAccessorImpl.newInstance(DelegatingConstructorAccessorImpl.java:45)
	at java.lang.reflect.Constructor.newInstance(Constructor.java:423)
	at org.openqa.selenium.remote.codec.w3c.W3CHttpResponseCodec.createException(W3CHttpResponseCodec.java:200)
	at org.openqa.selenium.remote.codec.w3c.W3CHttpResponseCodec.decode(W3CHttpResponseCodec.java:133)
	at org.openqa.selenium.remote.codec.w3c.W3CHttpResponseCodec.decode(W3CHttpResponseCodec.java:53)
	at org.openqa.selenium.remote.HttpCommandExecutor.execute(HttpCommandExecutor.java:193)
	at org.openqa.selenium.remote.service.DriverCommandExecutor.invokeExecute(DriverCommandExecutor.java:183)
	at org.openqa.selenium.remote.service.DriverCommandExecutor.execute(DriverCommandExecutor.java:158)
	at org.openqa.selenium.remote.RemoteWebDriver.execute(RemoteWebDriver.java:543)
	at org.openqa.selenium.remote.RemoteWebElement.execute(RemoteWebElement.java:257)
	at org.openqa.selenium.remote.RemoteWebElement.getText(RemoteWebElement.java:207)
	at au.com.carguide.pages.DealerPage.findDealer(DealerPage.java:33)
	at au.com.carguide.steps.FindDealerSteps.iShouldSeeTheDealerNamesAreDisplayOnPage(FindDealerSteps.java:21)
	at ✽.And I should see the dealer names "A & M Car Sales Pty Ltd" are display on page(findDealers.feature:10)
</textarea></pre></td>
                                                    </tr>
                                                    <tr>
                                                        <td>May 18, 2023 09:32:37 AM</td>
                                                        <td class='linked' test-id='32'>Find the dealers and verify.Find the dealers and verify the dealers are in list.Find the dealers and verify the dealers are in list.And I should see the dealer names "A1 MOTORS COMPANY" are display on page</td>
                                                        <td><pre><textarea>org.openqa.selenium.StaleElementReferenceException: stale element reference: stale element not found
  (Session info: chrome=113.0.5672.126)
For documentation on this error, please visit: https://selenium.dev/exceptions/#stale_element_reference
Build info: version: '4.9.0', revision: 'd7057100a6'
System info: os.name: 'Windows 10', os.arch: 'amd64', os.version: '10.0', java.version: '1.8.0_121'
Driver info: org.openqa.selenium.chrome.ChromeDriver
Command: [a190b58c4f4b6cef50fe37b16244536c, getElementText {id=9061A8393965B4F0CFF0F5AE13B05B8B_element_82}]
Capabilities {acceptInsecureCerts: false, browserName: chrome, browserVersion: 113.0.5672.126, chrome: {chromedriverVersion: 113.0.5672.63 (0e1a4471d5ae..., userDataDir: C:\Users\milan\AppData\Loca...}, goog:chromeOptions: {debuggerAddress: localhost:62367}, networkConnectionEnabled: false, pageLoadStrategy: normal, platformName: WINDOWS, proxy: Proxy(), se:cdp: ws://localhost:62367/devtoo..., se:cdpVersion: 113.0.5672.126, setWindowRect: true, strictFileInteractability: false, timeouts: {implicit: 0, pageLoad: 300000, script: 30000}, unhandledPromptBehavior: dismiss and notify, webauthn:extension:credBlob: true, webauthn:extension:largeBlob: true, webauthn:extension:minPinLength: true, webauthn:extension:prf: true, webauthn:virtualAuthenticators: true}
Element: [[ChromeDriver: chrome on WINDOWS (a190b58c4f4b6cef50fe37b16244536c)] -> xpath: //div[@class='dealerListing--name']]
Session ID: a190b58c4f4b6cef50fe37b16244536c
	at sun.reflect.NativeConstructorAccessorImpl.newInstance0(Native Method)
	at sun.reflect.NativeConstructorAccessorImpl.newInstance(NativeConstructorAccessorImpl.java:62)
	at sun.reflect.DelegatingConstructorAccessorImpl.newInstance(DelegatingConstructorAccessorImpl.java:45)
	at java.lang.reflect.Constructor.newInstance(Constructor.java:423)
	at org.openqa.selenium.remote.codec.w3c.W3CHttpResponseCodec.createException(W3CHttpResponseCodec.java:200)
	at org.openqa.selenium.remote.codec.w3c.W3CHttpResponseCodec.decode(W3CHttpResponseCodec.java:133)
	at org.openqa.selenium.remote.codec.w3c.W3CHttpResponseCodec.decode(W3CHttpResponseCodec.java:53)
	at org.openqa.selenium.remote.HttpCommandExecutor.execute(HttpCommandExecutor.java:193)
	at org.openqa.selenium.remote.service.DriverCommandExecutor.invokeExecute(DriverCommandExecutor.java:183)
	at org.openqa.selenium.remote.service.DriverCommandExecutor.execute(DriverCommandExecutor.java:158)
	at org.openqa.selenium.remote.RemoteWebDriver.execute(RemoteWebDriver.java:543)
	at org.openqa.selenium.remote.RemoteWebElement.execute(RemoteWebElement.java:257)
	at org.openqa.selenium.remote.RemoteWebElement.getText(RemoteWebElement.java:207)
	at au.com.carguide.pages.DealerPage.findDealer(DealerPage.java:33)
	at au.com.carguide.steps.FindDealerSteps.iShouldSeeTheDealerNamesAreDisplayOnPage(FindDealerSteps.java:21)
	at ✽.And I should see the dealer names "A1 MOTORS COMPANY" are display on page(findDealers.feature:10)
</textarea></pre></td>
                                                    </tr>
                                                    <tr>
                                                        <td>May 18, 2023 09:33:07 AM</td>
                                                        <td class='linked' test-id='38'>Find the dealers and verify.Find the dealers and verify the dealers are in list.Find the dealers and verify the dealers are in list.And I should see the dealer names "ANDREA MOTORI SERVICE" are display on page</td>
                                                        <td><pre><textarea>org.openqa.selenium.StaleElementReferenceException: stale element reference: stale element not found
  (Session info: chrome=113.0.5672.126)
For documentation on this error, please visit: https://selenium.dev/exceptions/#stale_element_reference
Build info: version: '4.9.0', revision: 'd7057100a6'
System info: os.name: 'Windows 10', os.arch: 'amd64', os.version: '10.0', java.version: '1.8.0_121'
Driver info: org.openqa.selenium.chrome.ChromeDriver
Command: [b0447ddcba19a4dfa45ecae9c938cc84, getElementText {id=CEB80BBC5133CD12EE5B986BB575C11C_element_82}]
Capabilities {acceptInsecureCerts: false, browserName: chrome, browserVersion: 113.0.5672.126, chrome: {chromedriverVersion: 113.0.5672.63 (0e1a4471d5ae..., userDataDir: C:\Users\milan\AppData\Loca...}, goog:chromeOptions: {debuggerAddress: localhost:62542}, networkConnectionEnabled: false, pageLoadStrategy: normal, platformName: WINDOWS, proxy: Proxy(), se:cdp: ws://localhost:62542/devtoo..., se:cdpVersion: 113.0.5672.126, setWindowRect: true, strictFileInteractability: false, timeouts: {implicit: 0, pageLoad: 300000, script: 30000}, unhandledPromptBehavior: dismiss and notify, webauthn:extension:credBlob: true, webauthn:extension:largeBlob: true, webauthn:extension:minPinLength: true, webauthn:extension:prf: true, webauthn:virtualAuthenticators: true}
Element: [[ChromeDriver: chrome on WINDOWS (b0447ddcba19a4dfa45ecae9c938cc84)] -> xpath: //div[@class='dealerListing--name']]
Session ID: b0447ddcba19a4dfa45ecae9c938cc84
	at sun.reflect.NativeConstructorAccessorImpl.newInstance0(Native Method)
	at sun.reflect.NativeConstructorAccessorImpl.newInstance(NativeConstructorAccessorImpl.java:62)
	at sun.reflect.DelegatingConstructorAccessorImpl.newInstance(DelegatingConstructorAccessorImpl.java:45)
	at java.lang.reflect.Constructor.newInstance(Constructor.java:423)
	at org.openqa.selenium.remote.codec.w3c.W3CHttpResponseCodec.createException(W3CHttpResponseCodec.java:200)
	at org.openqa.selenium.remote.codec.w3c.W3CHttpResponseCodec.decode(W3CHttpResponseCodec.java:133)
	at org.openqa.selenium.remote.codec.w3c.W3CHttpResponseCodec.decode(W3CHttpResponseCodec.java:53)
	at org.openqa.selenium.remote.HttpCommandExecutor.execute(HttpCommandExecutor.java:193)
	at org.openqa.selenium.remote.service.DriverCommandExecutor.invokeExecute(DriverCommandExecutor.java:183)
	at org.openqa.selenium.remote.service.DriverCommandExecutor.execute(DriverCommandExecutor.java:158)
	at org.openqa.selenium.remote.RemoteWebDriver.execute(RemoteWebDriver.java:543)
	at org.openqa.selenium.remote.RemoteWebElement.execute(RemoteWebElement.java:257)
	at org.openqa.selenium.remote.RemoteWebElement.getText(RemoteWebElement.java:207)
	at au.com.carguide.pages.DealerPage.findDealer(DealerPage.java:33)
	at au.com.carguide.steps.FindDealerSteps.iShouldSeeTheDealerNamesAreDisplayOnPage(FindDealerSteps.java:21)
	at ✽.And I should see the dealer names "ANDREA MOTORI SERVICE" are display on page(findDealers.feature:10)
</textarea></pre></td>
                                                    </tr>
                                                    <tr>
                                                        <td>May 18, 2023 09:33:37 AM</td>
                                                        <td class='linked' test-id='44'>Find the dealers and verify.Find the dealers and verify the dealers are in list.Find the dealers and verify the dealers are in list.And I should see the dealer names "Oxford Motors" are display on page</td>
                                                        <td><pre><textarea>org.openqa.selenium.StaleElementReferenceException: stale element reference: stale element not found
  (Session info: chrome=113.0.5672.126)
For documentation on this error, please visit: https://selenium.dev/exceptions/#stale_element_reference
Build info: version: '4.9.0', revision: 'd7057100a6'
System info: os.name: 'Windows 10', os.arch: 'amd64', os.version: '10.0', java.version: '1.8.0_121'
Driver info: org.openqa.selenium.chrome.ChromeDriver
Command: [71c0cd82b37ca975074f1b0b98d6b62c, getElementText {id=C40BF8DF604DBAD57C6FD7F19F0081FB_element_91}]
Capabilities {acceptInsecureCerts: false, browserName: chrome, browserVersion: 113.0.5672.126, chrome: {chromedriverVersion: 113.0.5672.63 (0e1a4471d5ae..., userDataDir: C:\Users\milan\AppData\Loca...}, goog:chromeOptions: {debuggerAddress: localhost:62776}, networkConnectionEnabled: false, pageLoadStrategy: normal, platformName: WINDOWS, proxy: Proxy(), se:cdp: ws://localhost:62776/devtoo..., se:cdpVersion: 113.0.5672.126, setWindowRect: true, strictFileInteractability: false, timeouts: {implicit: 0, pageLoad: 300000, script: 30000}, unhandledPromptBehavior: dismiss and notify, webauthn:extension:credBlob: true, webauthn:extension:largeBlob: true, webauthn:extension:minPinLength: true, webauthn:extension:prf: true, webauthn:virtualAuthenticators: true}
Element: [[ChromeDriver: chrome on WINDOWS (71c0cd82b37ca975074f1b0b98d6b62c)] -> xpath: //div[@class='dealerListing--name']]
Session ID: 71c0cd82b37ca975074f1b0b98d6b62c
	at sun.reflect.NativeConstructorAccessorImpl.newInstance0(Native Method)
	at sun.reflect.NativeConstructorAccessorImpl.newInstance(NativeConstructorAccessorImpl.java:62)
	at sun.reflect.DelegatingConstructorAccessorImpl.newInstance(DelegatingConstructorAccessorImpl.java:45)
	at java.lang.reflect.Constructor.newInstance(Constructor.java:423)
	at org.openqa.selenium.remote.codec.w3c.W3CHttpResponseCodec.createException(W3CHttpResponseCodec.java:200)
	at org.openqa.selenium.remote.codec.w3c.W3CHttpResponseCodec.decode(W3CHttpResponseCodec.java:133)
	at org.openqa.selenium.remote.codec.w3c.W3CHttpResponseCodec.decode(W3CHttpResponseCodec.java:53)
	at org.openqa.selenium.remote.HttpCommandExecutor.execute(HttpCommandExecutor.java:193)
	at org.openqa.selenium.remote.service.DriverCommandExecutor.invokeExecute(DriverCommandExecutor.java:183)
	at org.openqa.selenium.remote.service.DriverCommandExecutor.execute(DriverCommandExecutor.java:158)
	at org.openqa.selenium.remote.RemoteWebDriver.execute(RemoteWebDriver.java:543)
	at org.openqa.selenium.remote.RemoteWebElement.execute(RemoteWebElement.java:257)
	at org.openqa.selenium.remote.RemoteWebElement.getText(RemoteWebElement.java:207)
	at au.com.carguide.pages.DealerPage.findDealer(DealerPage.java:33)
	at au.com.carguide.steps.FindDealerSteps.iShouldSeeTheDealerNamesAreDisplayOnPage(FindDealerSteps.java:21)
	at ✽.And I should see the dealer names "Oxford Motors" are display on page(findDealers.feature:10)
</textarea></pre></td>
                                                    </tr>
                                        </tbody>
                                    </table>
                                </div>
                            </div>
                        </li>
                </ul>
        </div>
    </div>

    <div class='subview-right left'>
        <div class='view-summary'>
            <h5 class='exception-name'></h5>
        </div>
    </div>
</div>
<!-- exception view -->
<div id='dashboard-view' class='view hide'>
	<div class='card-panel transparent np-v'>
		<h5>Dashboard</h5>

		<div class='row'>
			<div class='col s2'>
				<div class='card-panel r'>
					Features
					<div class='panel-lead'>1</div>
				</div>
			</div>
			<div class='col s2'>
				<div class='card-panel r'>
					Scenarios
					<div class='panel-lead'>7</div>
				</div>
			</div>
			<div class='col s2'>
				<div class='card-panel r'>
					Steps
					<div class='panel-lead'>35</div>
				</div>
			</div>
			<div class='col s2'>
				<div class='card-panel r'>
					Start
					<div class='panel-lead'>May 18, 2023 09:29:06 AM</div>
				</div>
			</div>
			<div class='col s2'>
				<div class='card-panel r'>
			 		End
			 		<div class='panel-lead'>May 18, 2023 09:33:43 AM</div>
				</div>
			</div>
			<div class='col s2'>
				<div class='card-panel r'>
					Time Taken
					<div class='panel-lead'>277,080ms</div>
				</div>
			</div>
			<div class='col s4'>
				<div class='card-panel dashboard-environment'>
					<span class='right label cyan white-text'>Environment</span><p>&nbsp;</p>
					
					<table>
						<tr>
							<th>Name</th>
							<th>Value</th>
						</tr>
							<tr>
								<td>User Name</td>
								<td>Hardy097</td>
							</tr>
							<tr>
								<td>Time Zone</td>
								<td>UTC</td>
							</tr>
							<tr>
								<td>Machine</td>
								<td>Windows 1064 Bit</td>
							</tr>
							<tr>
								<td>Selenium</td>
								<td>3.141.59</td>
							</tr>
							<tr>
								<td>Maven</td>
								<td>3.5.9</td>
							</tr>
							<tr>
								<td>Java Version</td>
								<td>1.8.0_151</td>
							</tr>
					</table>
				</div>
			</div>
			<div class='col s6'>
				<div class='card-panel dashboard-categories'>
					<span class='right label cyan white-text'>Categories</span><p>&nbsp;</p>
					
					<table>
						<tr>
							<th>Name</th>
							<th>Passed</th>
							<th>Failed</th>
							<th>Others</th>
							<th>Passed %</th>
						</tr>
						<tr>
							<td>@sanity</td>
							<td>1</td>
							<td>6</td>
							<td>0</td>
							<td>
									14.286%
							</td>
						</tr>
					</table>
				</div>
			</div>
		</div>
	</div>
</div>
<!-- dashboard view -->
<!-- testrunner-logs view -->
		</div>
		<!-- container -->

		<script>
			var statusGroup = {
				passParent: 0,
				failParent: 1,
				fatalParent: 0,
				errorParent: 0,
				warningParent: 0,
				skipParent: 0,
				exceptionsParent: 1,
				
				passChild: 1,
				failChild: 6,
				fatalChild: 0,
				errorChild: 0,
				warningChild: 0,
				skipChild: 0,
				infoChild: 0,
				exceptionsChild: 6,
				
				passGrandChild: 29,
				failGrandChild: 6,
				fatalGrandChild: 0,
				errorGrandChild: 0,
				warningGrandChild: 0,
				skipGrandChild: 0,
				infoGrandChild: 0,
				exceptionsGrandChild: 6,
			};
		</script>
		
			<script src='https://cdn.rawgit.com/anshooarora/extentreports-java/fca20fb7653aade98810546ab96a2a4360e3e712/dist/js/extent.js' type='text/javascript'></script>
		
		
 		<script type='text/javascript'>
 			
            
        $(document).ready(function() {

        });
      
        
 		</script>
	</body>
	
</html>
